# JRE version: Java(TM) SE Runtime Environment 18.9 (11.0.12+8) (build 11.0.12+8-LTS-237)
# Java VM: Java HotSpot(TM) 64-Bit Server VM 18.9 (11.0.12+8-LTS-237, mixed mode, tiered, compressed oops, g1 gc, windows-amd64)
Heap:
 garbage-first heap   total 152576K, used 44396K [0x0000000084400000, 0x0000000100000000)
  region size 1024K, 39 young (39936K), 11 survivors (11264K)
 Metaspace       used 50812K, capacity 52591K, committed 52864K, reserved 1095680K
  class space    used 5769K, capacity 6460K, committed 6528K, reserved 1048576K
GC Heap History (10 events):
Event: 2.394 GC heap before
{Heap before GC invocations=1 (full 0):
 garbage-first heap   total 126976K, used 34715K [0x0000000084400000, 0x0000000100000000)
  region size 1024K, 34 young (34816K), 3 survivors (3072K)
 Metaspace       used 20670K, capacity 21231K, committed 21296K, reserved 1069056K
  class space    used 2215K, capacity 2415K, committed 2432K, reserved 1048576K
}
Event: 2.404 GC heap after
{Heap after GC invocations=2 (full 0):
 garbage-first heap   total 126976K, used 6626K [0x0000000084400000, 0x0000000100000000)
  region size 1024K, 5 young (5120K), 5 survivors (5120K)
 Metaspace       used 20670K, capacity 21231K, committed 21296K, reserved 1069056K
  class space    used 2215K, capacity 2415K, committed 2432K, reserved 1048576K
}
Event: 3.164 GC heap before
{Heap before GC invocations=3 (full 0):
 garbage-first heap   total 126976K, used 38370K [0x0000000084400000, 0x0000000100000000)
  region size 1024K, 36 young (36864K), 5 survivors (5120K)
 Metaspace       used 25232K, capacity 25885K, committed 26240K, reserved 1073152K
  class space    used 2829K, capacity 3092K, committed 3200K, reserved 1048576K
}
Event: 3.174 GC heap after
{Heap after GC invocations=4 (full 0):
 garbage-first heap   total 126976K, used 8285K [0x0000000084400000, 0x0000000100000000)
  region size 1024K, 4 young (4096K), 4 survivors (4096K)
 Metaspace       used 25232K, capacity 25885K, committed 26240K, reserved 1073152K
  class space    used 2829K, capacity 3092K, committed 3200K, reserved 1048576K
}
Event: 7.091 GC heap before
{Heap before GC invocations=4 (full 0):
 garbage-first heap   total 126976K, used 57437K [0x0000000084400000, 0x0000000100000000)
  region size 1024K, 52 young (53248K), 4 survivors (4096K)
 Metaspace       used 33360K, capacity 34328K, committed 34432K, reserved 1079296K
  class space    used 3821K, capacity 4194K, committed 4224K, reserved 1048576K
}
Event: 7.108 GC heap after
{Heap after GC invocations=5 (full 0):
 garbage-first heap   total 126976K, used 11365K [0x0000000084400000, 0x0000000100000000)
  region size 1024K, 7 young (7168K), 7 survivors (7168K)
 Metaspace       used 33360K, capacity 34328K, committed 34432K, reserved 1079296K
  class space    used 3821K, capacity 4194K, committed 4224K, reserved 1048576K
}
Event: 7.476 GC heap before
{Heap before GC invocations=5 (full 0):
 garbage-first heap   total 126976K, used 25701K [0x0000000084400000, 0x0000000100000000)
  region size 1024K, 22 young (22528K), 7 survivors (7168K)
 Metaspace       used 34928K, capacity 35928K, committed 35968K, reserved 1081344K
  class space    used 4043K, capacity 4471K, committed 4480K, reserved 1048576K
}
Event: 7.486 GC heap after
{Heap after GC invocations=6 (full 0):
 garbage-first heap   total 152576K, used 12426K [0x0000000084400000, 0x0000000100000000)
  region size 1024K, 6 young (6144K), 6 survivors (6144K)
 Metaspace       used 34928K, capacity 35928K, committed 35968K, reserved 1081344K
  class space    used 4043K, capacity 4471K, committed 4480K, reserved 1048576K
}
Event: 22.605 GC heap before
{Heap before GC invocations=7 (full 0):
 garbage-first heap   total 152576K, used 97418K [0x0000000084400000, 0x0000000100000000)
  region size 1024K, 89 young (91136K), 6 survivors (6144K)
 Metaspace       used 49990K, capacity 51693K, committed 51840K, reserved 1095680K
  class space    used 5753K, capacity 6449K, committed 6528K, reserved 1048576K
}
Event: 22.615 GC heap after
{Heap after GC invocations=8 (full 0):
 garbage-first heap   total 152576K, used 16748K [0x0000000084400000, 0x0000000100000000)
  region size 1024K, 11 young (11264K), 11 survivors (11264K)
 Metaspace       used 49990K, capacity 51693K, committed 51840K, reserved 1095680K
  class space    used 5753K, capacity 6449K, committed 6528K, reserved 1048576K
}

